# JRE version: OpenJDK Runtime Environment (11.0.4+11) (build 11.0.4+11-post-Ubuntu-1ubuntu218.04.3)
# Java VM: OpenJDK 64-Bit Server VM (11.0.4+11-post-Ubuntu-1ubuntu218.04.3, mixed mode, sharing, tiered, compressed oops, g1 gc, linux-amd64)
Heap:
 garbage-first heap   total 206848K, used 27924K [0x00000000c3a00000, 0x0000000100000000)
  region size 1024K, 1 young (1024K), 1 survivors (1024K)
 Metaspace       used 26044K, capacity 27128K, committed 27264K, reserved 1073152K
  class space    used 3284K, capacity 3683K, committed 3712K, reserved 1048576K
GC Heap History (10 events):
Event: 7,374 GC heap after
{Heap after GC invocations=11 (full 0):
 garbage-first heap   total 78848K, used 28308K [0x00000000c3a00000, 0x0000000100000000)
  region size 1024K, 1 young (1024K), 1 survivors (1024K)
 Metaspace       used 25691K, capacity 26744K, committed 27008K, reserved 1073152K
  class space    used 3241K, capacity 3640K, committed 3712K, reserved 1048576K
}
Event: 7,927 GC heap before
{Heap before GC invocations=11 (full 0):
 garbage-first heap   total 78848K, used 51860K [0x00000000c3a00000, 0x0000000100000000)
  region size 1024K, 24 young (24576K), 1 survivors (1024K)
 Metaspace       used 25839K, capacity 26913K, committed 27008K, reserved 1073152K
  class space    used 3259K, capacity 3675K, committed 3712K, reserved 1048576K
}
Event: 8,035 GC heap after
{Heap after GC invocations=12 (full 0):
 garbage-first heap   total 103424K, used 27941K [0x00000000c3a00000, 0x0000000100000000)
  region size 1024K, 1 young (1024K), 1 survivors (1024K)
 Metaspace       used 25839K, capacity 26913K, committed 27008K, reserved 1073152K
  class space    used 3259K, capacity 3675K, committed 3712K, reserved 1048576K
}
Event: 12,104 GC heap before
{Heap before GC invocations=12 (full 0):
 garbage-first heap   total 103424K, used 63781K [0x00000000c3a00000, 0x0000000100000000)
  region size 1024K, 36 young (36864K), 1 survivors (1024K)
 Metaspace       used 25932K, capacity 26983K, committed 27264K, reserved 1073152K
  class space    used 3273K, capacity 3677K, committed 3712K, reserved 1048576K
}
Event: 12,508 GC heap after
{Heap after GC invocations=13 (full 0):
 garbage-first heap   total 103424K, used 27866K [0x00000000c3a00000, 0x0000000100000000)
  region size 1024K, 1 young (1024K), 1 survivors (1024K)
 Metaspace       used 25932K, capacity 26983K, committed 27264K, reserved 1073152K
  class space    used 3273K, capacity 3677K, committed 3712K, reserved 1048576K
}
Event: 13,562 GC heap before
{Heap before GC invocations=13 (full 0):
 garbage-first heap   total 103424K, used 58586K [0x00000000c3a00000, 0x0000000100000000)
  region size 1024K, 31 young (31744K), 1 survivors (1024K)
 Metaspace       used 25966K, capacity 26983K, committed 27264K, reserved 1073152K
  class space    used 3276K, capacity 3677K, committed 3712K, reserved 1048576K
}
Event: 13,652 GC heap after
{Heap after GC invocations=14 (full 0):
 garbage-first heap   total 103424K, used 27856K [0x00000000c3a00000, 0x0000000100000000)
  region size 1024K, 1 young (1024K), 1 survivors (1024K)
 Metaspace       used 25966K, capacity 26983K, committed 27264K, reserved 1073152K
  class space    used 3276K, capacity 3677K, committed 3712K, reserved 1048576K
}
Event: 14,967 GC heap before
{Heap before GC invocations=14 (full 0):
 garbage-first heap   total 103424K, used 68816K [0x00000000c3a00000, 0x0000000100000000)
  region size 1024K, 41 young (41984K), 1 survivors (1024K)
 Metaspace       used 25985K, capacity 27053K, committed 27264K, reserved 1073152K
  class space    used 3280K, capacity 3679K, committed 3712K, reserved 1048576K
}
Event: 15,133 GC heap after
{Heap after GC invocations=15 (full 0):
 garbage-first heap   total 103424K, used 27855K [0x00000000c3a00000, 0x0000000100000000)
  region size 1024K, 1 young (1024K), 1 survivors (1024K)
 Metaspace       used 25985K, capacity 27053K, committed 27264K, reserved 1073152K
  class space    used 3280K, capacity 3679K, committed 3712K, reserved 1048576K
}
Event: 16,322 GC heap before
{Heap before GC invocations=15 (full 0):
 garbage-first heap   total 103424K, used 73935K [0x00000000c3a00000, 0x0000000100000000)
  region size 1024K, 46 young (47104K), 1 survivors (1024K)
 Metaspace       used 26044K, capacity 27128K, committed 27264K, reserved 1073152K
  class space    used 3284K, capacity 3683K, committed 3712K, reserved 1048576K
}

